10;3;1;twostage;0.11634945869445801;7;15;0;8;6;3.6;KP_p-3_n-10_ins-1.dat
10;3;1;twostage;0.26532459259033203;19;39;0;20;14;8.15;KP_p-3_n-10_ins-2.dat
10;3;1;twostage;0.16501784324645996;8;16;0;8;5;2.81;KP_p-3_n-10_ins-3.dat
10;3;1;twostage;0.0647130012512207;5;10;0;5;5;2.6;KP_p-3_n-10_ins-4.dat
10;3;1;twostage;0.365567684173584;25;51;0;26;15;8.82;KP_p-3_n-10_ins-5.dat
10;3;1;twostage;0.11487817764282227;7;15;0;8;6;3.33;KP_p-3_n-10_ins-6.dat
10;3;1;twostage;0.06470227241516113;5;11;0;6;5;3.09;KP_p-3_n-10_ins-7.dat
10;3;1;twostage;0.11486959457397461;7;15;0;8;5;2.8;KP_p-3_n-10_ins-8.dat
10;3;1;twostage;0.11479663848876953;9;19;0;10;8;4.63;KP_p-3_n-10_ins-9.dat
10;3;1;twostage;0.11487674713134766;6;12;0;6;4;2.5;KP_p-3_n-10_ins-10.dat
20;3;1;twostage;0.8168075084686279;35;71;0;36;24;11.54;KP_p-3_n-20_ins-1.dat
20;3;1;twostage;0.616255521774292;35;71;0;36;23;11.94;KP_p-3_n-20_ins-2.dat
20;3;1;twostage;1.0174379348754883;43;87;0;44;22;13.26;KP_p-3_n-20_ins-3.dat
20;3;1;twostage;0.566154956817627;28;57;0;29;19;9.87;KP_p-3_n-20_ins-4.dat
20;3;1;twostage;1.418750286102295;62;124;0;62;30;17.61;KP_p-3_n-20_ins-5.dat
20;3;1;twostage;1.6192386150360107;63;127;0;64;26;17.92;KP_p-3_n-20_ins-6.dat
20;3;1;twostage;0.46585917472839355;31;63;0;32;24;12.6;KP_p-3_n-20_ins-7.dat
20;3;1;twostage;0.5661251544952393;30;61;0;31;21;11.0;KP_p-3_n-20_ins-8.dat
20;3;1;twostage;0.515958309173584;31;63;0;32;24;12.73;KP_p-3_n-20_ins-9.dat
20;3;1;twostage;0.4157121181488037;22;45;0;23;16;8.6;KP_p-3_n-20_ins-10.dat
30;3;1;twostage;2.5720770359039307;88;177;0;89;44;25.37;KP_p-3_n-30_ins-1.dat
30;3;1;twostage;7.487076997756958;196;393;0;197;58;35.09;KP_p-3_n-30_ins-2.dat
30;3;1;twostage;4.126811742782593;118;237;0;119;46;29.97;KP_p-3_n-30_ins-3.dat
30;3;1;twostage;1.719527006149292;63;127;0;64;36;18.91;KP_p-3_n-30_ins-4.dat
30;3;1;twostage;1.5188617706298828;69;139;0;70;35;20.05;KP_p-3_n-30_ins-5.dat
30;3;1;twostage;3.073293685913086;103;207;0;104;59;30.63;KP_p-3_n-30_ins-6.dat
30;3;1;twostage;9.942611455917358;266;530;0;264;65;42.09;KP_p-3_n-30_ins-7.dat
30;3;1;twostage;3.420694351196289;98;197;0;99;46;25.72;KP_p-3_n-30_ins-8.dat
30;3;1;twostage;1.8178339004516602;62;125;0;63;34;17.33;KP_p-3_n-30_ins-9.dat
30;3;1;twostage;3.2205610275268555;95;191;0;96;35;23.52;KP_p-3_n-30_ins-10.dat
40;3;1;twostage;25.362998485565186;486;968;0;482;150;74.53;KP_p-3_n-40_ins-1.dat
40;3;1;twostage;11.088278770446777;252;503;0;251;68;42.49;KP_p-3_n-40_ins-2.dat
40;3;1;twostage;31.494290351867676;541;1073;0;532;120;65.11;KP_p-3_n-40_ins-3.dat
40;3;1;twostage;12.284566164016724;256;512;0;256;93;49.45;KP_p-3_n-40_ins-4.dat
40;3;1;twostage;18.99628520011902;385;767;0;382;89;52.69;KP_p-3_n-40_ins-5.dat
40;3;1;twostage;10.134479999542236;222;444;0;222;72;37.79;KP_p-3_n-40_ins-6.dat
40;3;1;twostage;10.783212900161743;238;474;0;236;73;39.62;KP_p-3_n-40_ins-7.dat
40;3;1;twostage;6.124751091003418;136;273;0;137;55;30.85;KP_p-3_n-40_ins-8.dat
40;3;1;twostage;17.64413809776306;337;674;0;337;83;50.74;KP_p-3_n-40_ins-9.dat
40;3;1;twostage;11.784348249435425;259;516;0;257;70;42.71;KP_p-3_n-40_ins-10.dat
50;3;1;twostage;33.11920690536499;507;1003;0;496;125;68.19;KP_p-3_n-50_ins-1.dat
50;3;1;twostage;9.383342504501343;202;398;0;196;66;36.43;KP_p-3_n-50_ins-2.dat
50;3;1;twostage;26.357730865478516;530;1056;0;526;133;80.07;KP_p-3_n-50_ins-3.dat
50;3;1;twostage;19.749282121658325;402;794;0;392;114;64.27;KP_p-3_n-50_ins-4.dat
50;3;1;twostage;33.72135019302368;557;1107;0;550;110;62.95;KP_p-3_n-50_ins-5.dat
50;3;1;twostage;53.25579500198364;803;1581;0;778;141;82.2;KP_p-3_n-50_ins-6.dat
50;3;1;twostage;36.827147006988525;519;1035;0;516;168;87.41;KP_p-3_n-50_ins-7.dat
50;3;1;twostage;7.2794599533081055;178;357;0;179;82;39.88;KP_p-3_n-50_ins-8.dat
50;3;1;twostage;20.148404598236084;361;716;0;355;115;58.23;KP_p-3_n-50_ins-9.dat
50;3;1;twostage;22.95326542854309;383;764;0;381;129;67.53;KP_p-3_n-50_ins-10.dat
60;3;1;twostage;50.64954876899719;743;1474;0;731;150;83.82;KP_p-3_n-60_ins-1.dat
60;3;1;twostage;64.77298283576965;837;1665;0;828;171;87.28;KP_p-3_n-60_ins-2.dat
60;3;1;twostage;33.93028140068054;550;1094;0;544;136;74.52;KP_p-3_n-60_ins-3.dat
60;3;1;twostage;42.33583998680115;645;1274;0;629;139;76.06;KP_p-3_n-60_ins-4.dat
60;3;1;twostage;43.488473892211914;741;1472;0;731;166;89.75;KP_p-3_n-60_ins-5.dat
60;3;1;twostage;108.04547452926636;1142;2267;0;1125;202;105.88;KP_p-3_n-60_ins-6.dat
60;3;1;twostage;70.44097018241882;897;1785;0;888;171;100.04;KP_p-3_n-60_ins-7.dat
60;3;1;twostage;90.71908259391785;1116;2224;0;1108;187;107.19;KP_p-3_n-60_ins-8.dat
60;3;1;twostage;109.70047283172607;1283;2548;0;1265;218;108.09;KP_p-3_n-60_ins-9.dat
60;3;1;twostage;109.74958825111389;1217;2426;0;1209;180;91.61;KP_p-3_n-60_ins-10.dat
70;3;1;twostage;82.10323905944824;1019;2037;0;1018;214;99.11;KP_p-3_n-70_ins-1.dat
70;3;1;twostage;108.14708304405212;1236;2461;0;1225;208;130.18;KP_p-3_n-70_ins-2.dat
70;3;1;twostage;254.3542127609253;2392;4756;0;2364;267;149.61;KP_p-3_n-70_ins-3.dat
70;3;1;twostage;93.36915111541748;1113;2188;0;1075;202;100.67;KP_p-3_n-70_ins-4.dat
70;3;1;twostage;385.5121695995331;2632;5216;0;2584;269;159.25;KP_p-3_n-70_ins-5.dat
70;3;1;twostage;115.86543035507202;1443;2822;0;1379;271;144.39;KP_p-3_n-70_ins-6.dat
70;3;1;twostage;95.58083319664001;1142;2278;0;1136;186;102.46;KP_p-3_n-70_ins-7.dat
70;3;1;twostage;266.371454000473;1935;3837;0;1903;186;122.07;KP_p-3_n-70_ins-8.dat
70;3;1;twostage;236.6585590839386;2161;4173;0;2012;229;130.37;KP_p-3_n-70_ins-9.dat
70;3;1;twostage;123.62662482261658;1361;2698;0;1337;233;127.21;KP_p-3_n-70_ins-10.dat
80;3;1;twostage;137.94461870193481;1383;2751;0;1368;203;112.71;KP_p-3_n-80_ins-1.dat
80;3;1;twostage;313.4838411808014;2357;4673;0;2316;321;166.32;KP_p-3_n-80_ins-2.dat
80;3;1;twostage;283.68843364715576;2515;4985;0;2470;371;186.95;KP_p-3_n-80_ins-3.dat
80;3;1;twostage;159.58102202415466;1697;3366;0;1670;291;141.09;KP_p-3_n-80_ins-4.dat
80;3;1;twostage;159.18501329421997;1790;3543;0;1753;283;147.66;KP_p-3_n-80_ins-5.dat
80;3;1;twostage;410.59878945350647;3282;6503;0;3221;301;168.62;KP_p-3_n-80_ins-6.dat
80;3;1;twostage;414.0138931274414;3250;6296;0;3046;340;185.75;KP_p-3_n-80_ins-7.dat
80;3;1;twostage;374.8868315219879;3315;6557;0;3242;396;204.52;KP_p-3_n-80_ins-8.dat
80;3;1;twostage;162.33789706230164;1738;3446;0;1708;304;147.4;KP_p-3_n-80_ins-9.dat
80;3;1;twostage;154.22580790519714;1631;3243;0;1612;287;142.56;KP_p-3_n-80_ins-10.dat
90;3;1;twostage;178.23019003868103;1751;3485;0;1734;242;130.47;KP_p-3_n-90_ins-1.dat
90;3;1;twostage;438.35755252838135;3262;6473;0;3211;367;185.23;KP_p-3_n-90_ins-2.dat
90;3;1;twostage;107.69773960113525;1195;2380;0;1185;309;144.9;KP_p-3_n-90_ins-3.dat
90;3;1;twostage;449.9698050022125;3354;6655;0;3301;326;177.84;KP_p-3_n-90_ins-4.dat
90;3;1;twostage;221.64372396469116;2228;4403;0;2175;319;162.36;KP_p-3_n-90_ins-5.dat
90;3;1;twostage;439.1544270515442;3144;6244;0;3100;338;184.54;KP_p-3_n-90_ins-6.dat
90;3;1;twostage;771.3085436820984;4651;9210;0;4559;400;226.43;KP_p-3_n-90_ins-7.dat
90;3;1;twostage;313.48802375793457;2778;5516;0;2738;403;187.71;KP_p-3_n-90_ins-8.dat
90;3;1;twostage;1087.7510340213776;5568;10990;0;5422;430;225.09;KP_p-3_n-90_ins-9.dat
90;3;1;twostage;387.2615818977356;3147;6128;0;2981;304;161.15;KP_p-3_n-90_ins-10.dat
100;3;1;twostage;1045.2447249889374;6779;13429;0;6650;427;249.34;KP_p-3_n-100_ins-1.dat
100;3;1;twostage;513.7833361625671;3696;7317;0;3621;436;214.02;KP_p-3_n-100_ins-2.dat
100;3;1;twostage;2785.6647810935974;10179;20062;0;9883;490;310.02;KP_p-3_n-100_ins-3.dat
100;3;1;twostage;2326.0261936187744;9882;19503;0;9621;626;327.61;KP_p-3_n-100_ins-4.dat
100;3;1;twostage;1491.7187740802765;6679;13207;0;6528;439;260.23;KP_p-3_n-100_ins-5.dat
100;3;1;twostage;619.3261668682098;3875;7681;0;3806;388;205.04;KP_p-3_n-100_ins-6.dat
100;3;1;twostage;245.79079699516296;2193;4363;0;2170;312;149.58;KP_p-3_n-100_ins-7.dat
100;3;1;twostage;1449.699917793274;6444;12706;0;6262;446;246.06;KP_p-3_n-100_ins-8.dat
100;3;1;twostage;860.030326128006;5573;11026;0;5453;531;263.05;KP_p-3_n-100_ins-9.dat
100;3;1;twostage;404.63372349739075;3190;6340;0;3150;428;213.89;KP_p-3_n-100_ins-10.dat
