25;3;1;twostage;0.3189249038696289;21;41;0;20;15;9.36;AP_p-3_n-5_ins-1.dat
25;3;1;twostage;0.11472916603088379;13;26;0;13;9;5.07;AP_p-3_n-5_ins-2.dat
25;3;1;twostage;0.0645449161529541;5;11;0;6;4;2.36;AP_p-3_n-5_ins-3.dat
25;3;1;twostage;0.11445188522338867;9;18;0;9;7;4.38;AP_p-3_n-5_ins-4.dat
25;3;1;twostage;0.16473150253295898;20;37;0;17;10;5.91;AP_p-3_n-5_ins-5.dat
25;3;1;twostage;0.16469192504882812;19;36;0;17;12;7.13;AP_p-3_n-5_ins-6.dat
25;3;1;twostage;0.26505017280578613;23;46;0;23;11;6.73;AP_p-3_n-5_ins-7.dat
25;3;1;twostage;0.11472105979919434;8;16;0;8;4;2.62;AP_p-3_n-5_ins-8.dat
25;3;1;twostage;0.1648242473602295;14;29;0;15;10;5.75;AP_p-3_n-5_ins-9.dat
25;3;1;twostage;0.11464905738830566;9;17;0;8;8;4.05;AP_p-3_n-5_ins-10.dat
100;3;1;twostage;5.67365026473999;161;276;0;116;40;26.35;AP_p-3_n-10_ins-1.dat
100;3;1;twostage;9.179818391799927;236;410;0;174;55;35.12;AP_p-3_n-10_ins-2.dat
100;3;1;twostage;13.78761100769043;316;526;0;211;48;33.43;AP_p-3_n-10_ins-3.dat
100;3;1;twostage;3.5704734325408936;125;227;0;102;41;23.79;AP_p-3_n-10_ins-4.dat
100;3;1;twostage;3.8710646629333496;138;237;0;99;44;24.02;AP_p-3_n-10_ins-5.dat
100;3;1;twostage;11.383779764175415;223;395;0;172;43;29.69;AP_p-3_n-10_ins-6.dat
100;3;1;twostage;6.174833297729492;180;314;0;134;42;26.95;AP_p-3_n-10_ins-7.dat
100;3;1;twostage;1.5671451091766357;65;110;0;46;27;15.26;AP_p-3_n-10_ins-8.dat
100;3;1;twostage;5.123222351074219;169;300;0;132;42;28.06;AP_p-3_n-10_ins-9.dat
100;3;1;twostage;6.377397060394287;155;270;0;115;37;25.14;AP_p-3_n-10_ins-10.dat
225;3;1;twostage;85.31101989746094;878;1452;0;574;91;66.79;AP_p-3_n-15_ins-1.dat
225;3;1;twostage;38.13436222076416;473;823;0;351;79;48.3;AP_p-3_n-15_ins-2.dat
225;3;1;twostage;32.41715431213379;487;796;0;309;75;49.91;AP_p-3_n-15_ins-3.dat
225;3;1;twostage;40.73432946205139;521;878;0;357;81;52.0;AP_p-3_n-15_ins-4.dat
225;3;1;twostage;40.28069353103638;587;989;0;402;88;54.16;AP_p-3_n-15_ins-5.dat
225;3;1;twostage;29.01611852645874;395;706;0;311;79;46.84;AP_p-3_n-15_ins-6.dat
225;3;1;twostage;104.78782415390015;1109;1816;0;707;95;67.41;AP_p-3_n-15_ins-7.dat
225;3;1;twostage;49.75000762939453;594;993;0;400;83;57.89;AP_p-3_n-15_ins-8.dat
225;3;1;twostage;77.44010853767395;875;1418;0;543;97;65.27;AP_p-3_n-15_ins-9.dat
225;3;1;twostage;68.8375415802002;830;1372;0;542;90;63.55;AP_p-3_n-15_ins-10.dat
400;3;1;twostage;304.43830919265747;2404;3852;0;1451;157;107.68;AP_p-3_n-20_ins-1.dat
400;3;1;twostage;286.9475336074829;2290;3641;0;1351;142;104.92;AP_p-3_n-20_ins-2.dat
400;3;1;twostage;267.4722366333008;2006;3291;0;1286;174;112.61;AP_p-3_n-20_ins-3.dat
400;3;1;twostage;331.24229621887207;2520;3923;0;1404;138;107.3;AP_p-3_n-20_ins-4.dat
400;3;1;twostage;156.1330497264862;1300;2155;0;855;141;88.02;AP_p-3_n-20_ins-5.dat
400;3;1;twostage;162.2427418231964;1369;2239;0;871;136;87.15;AP_p-3_n-20_ins-6.dat
400;3;1;twostage;239.28769159317017;1909;3099;0;1191;172;105.18;AP_p-3_n-20_ins-7.dat
400;3;1;twostage;105.84601378440857;889;1505;0;617;118;74.15;AP_p-3_n-20_ins-8.dat
400;3;1;twostage;234.42507457733154;1905;3073;0;1168;152;100.83;AP_p-3_n-20_ins-9.dat
400;3;1;twostage;251.30458903312683;2013;3203;0;1193;148;95.48;AP_p-3_n-20_ins-10.dat
625;3;1;twostage;519.3237810134888;2837;4735;0;1902;203;132.5;AP_p-3_n-25_ins-1.dat
625;3;1;twostage;460.2277002334595;2677;4355;0;1680;168;118.36;AP_p-3_n-25_ins-2.dat
625;3;1;twostage;433.9243984222412;2725;4460;0;1737;198;129.85;AP_p-3_n-25_ins-3.dat
625;3;1;twostage;381.53297185897827;2424;3965;0;1545;154;107.02;AP_p-3_n-25_ins-4.dat
625;3;1;twostage;589.2147169113159;3454;5540;0;2088;180;130.29;AP_p-3_n-25_ins-5.dat
625;3;1;twostage;320.1260447502136;1968;3232;0;1267;159;102.39;AP_p-3_n-25_ins-6.dat
625;3;1;twostage;742.318591594696;4315;6790;0;2477;194;142.7;AP_p-3_n-25_ins-7.dat
625;3;1;twostage;873.8575868606567;4899;7787;0;2891;201;144.5;AP_p-3_n-25_ins-8.dat
625;3;1;twostage;875.8358104228973;4994;7857;0;2868;227;154.5;AP_p-3_n-25_ins-9.dat
625;3;1;twostage;929.2121646404266;5385;8458;0;3076;211;152.22;AP_p-3_n-25_ins-10.dat
900;3;1;twostage;1176.2343418598175;5399;8595;0;3199;233;161.69;AP_p-3_n-30_ins-1.dat
900;3;1;twostage;1909.586020231247;8451;13039;0;4592;259;195.15;AP_p-3_n-30_ins-2.dat
900;3;1;twostage;1425.210467338562;6489;10087;0;3598;260;177.75;AP_p-3_n-30_ins-3.dat
900;3;1;twostage;1079.4495680332184;5264;8414;0;3155;243;167.67;AP_p-3_n-30_ins-4.dat
900;3;1;twostage;1278.8395183086395;5916;9397;0;3487;262;179.09;AP_p-3_n-30_ins-5.dat
900;3;1;twostage;1356.0243699550629;6443;10056;0;3615;274;178.84;AP_p-3_n-30_ins-6.dat
900;3;1;twostage;1547.1020555496216;6565;10385;0;3825;252;175.07;AP_p-3_n-30_ins-7.dat
900;3;1;twostage;1201.839929819107;5380;8713;0;3336;240;166.42;AP_p-3_n-30_ins-8.dat
900;3;1;twostage;1502.9977540969849;6449;10158;0;3717;252;183.73;AP_p-3_n-30_ins-9.dat
900;3;1;twostage;1132.5768682956696;5458;8631;0;3176;240;161.6;AP_p-3_n-30_ins-10.dat
1225;3;1;twostage;2992.5198969841003;10498;16541;0;6050;320;223.53;AP_p-3_n-35_ins-1.dat
1225;3;1;twostage;2380.2207589149475;8610;13537;0;4931;324;212.24;AP_p-3_n-35_ins-2.dat
1225;3;1;twostage;1743.8308351039886;6621;10586;0;3968;272;183.37;AP_p-3_n-35_ins-3.dat
1225;3;1;twostage;2274.914277791977;8131;12714;0;4590;264;194.14;AP_p-3_n-35_ins-4.dat
1225;3;1;twostage;2874.120308637619;10121;15619;0;5501;306;221.84;AP_p-3_n-35_ins-5.dat
1225;3;1;twostage;2955.445520401001;10862;16496;0;5640;268;211.63;AP_p-3_n-35_ins-6.dat
1225;3;1;twostage;1917.3974542617798;6957;11101;0;4150;284;188.45;AP_p-3_n-35_ins-7.dat
1225;3;1;twostage;2582.1685428619385;9239;14396;0;5162;309;209.67;AP_p-3_n-35_ins-8.dat
1225;3;1;twostage;2418.1735723018646;8811;13991;0;5185;327;213.77;AP_p-3_n-35_ins-9.dat
1225;3;1;twostage;2789.9930415153503;9873;15304;0;5434;300;214.66;AP_p-3_n-35_ins-10.dat
1600;3;1;twostage;3442.5091490745544;10682;16928;0;6248;339;233.98;AP_p-3_n-40_ins-3.dat
1600;3;1;twostage;4815.185523271561;14764;22599;0;7843;356;256.2;AP_p-3_n-40_ins-5.dat
1600;3;1;twostage;3291.56476020813;10199;15997;0;5803;332;227.64;AP_p-3_n-40_ins-6.dat
1600;3;1;twostage;3753.4124715328217;11544;18135;0;6597;323;231.76;AP_p-3_n-40_ins-7.dat
1600;3;1;twostage;3746.0369753837585;11542;17858;0;6320;330;230.48;AP_p-3_n-40_ins-8.dat
